<?xml version="1.0" encoding="UTF-8"?>
<coverage generated="1684873795287" clover="3.2.0">
  <project timestamp="1684873795288" name="All files">
    <metrics statements="21" coveredstatements="16" conditionals="45" coveredconditionals="27" methods="14" coveredmethods="9" elements="80" coveredelements="52" complexity="0" loc="21" ncloc="21" packages="3" files="5" classes="5"/>
    <package name="components.Button">
      <metrics statements="5" coveredstatements="5" conditionals="17" coveredconditionals="15" methods="3" coveredmethods="3"/>
      <file name="Button.styles.tsx" path="C:\Users\usuario\Desktop\eviraAPP\src\components\Button\Button.styles.tsx">
        <metrics statements="3" coveredstatements="3" conditionals="10" coveredconditionals="9" methods="2" coveredmethods="2"/>
        <line num="7" count="1" type="stmt"/>
        <line num="12" count="1" type="stmt"/>
        <line num="13" count="4" type="stmt"/>
      </file>
      <file name="index.tsx" path="C:\Users\usuario\Desktop\eviraAPP\src\components\Button\index.tsx">
        <metrics statements="2" coveredstatements="2" conditionals="7" coveredconditionals="6" methods="1" coveredmethods="1"/>
        <line num="17" count="1" type="cond" truecount="2" falsecount="0"/>
        <line num="18" count="4" type="stmt"/>
      </file>
    </package>
    <package name="components.Text">
      <metrics statements="15" coveredstatements="10" conditionals="28" coveredconditionals="12" methods="11" coveredmethods="6"/>
      <file name="Text.styles.tsx" path="C:\Users\usuario\Desktop\eviraAPP\src\components\Text\Text.styles.tsx">
        <metrics statements="13" coveredstatements="8" conditionals="26" coveredconditionals="11" methods="10" coveredmethods="5"/>
        <line num="6" count="1" type="stmt"/>
        <line num="12" count="1" type="stmt"/>
        <line num="13" count="0" type="stmt"/>
        <line num="14" count="0" type="cond" truecount="0" falsecount="2"/>
        <line num="17" count="0" type="cond" truecount="0" falsecount="3"/>
        <line num="18" count="0" type="cond" truecount="0" falsecount="2"/>
        <line num="20" count="0" type="stmt"/>
        <line num="21" count="1" type="stmt"/>
        <line num="22" count="1" type="cond" truecount="1" falsecount="1"/>
        <line num="24" count="1" type="cond" truecount="1" falsecount="2"/>
        <line num="25" count="1" type="cond" truecount="1" falsecount="1"/>
        <line num="29" count="1" type="stmt"/>
        <line num="30" count="1" type="stmt"/>
      </file>
      <file name="index.tsx" path="C:\Users\usuario\Desktop\eviraAPP\src\components\Text\index.tsx">
        <metrics statements="2" coveredstatements="2" conditionals="2" coveredconditionals="1" methods="1" coveredmethods="1"/>
        <line num="20" count="1" type="cond" truecount="1" falsecount="1"/>
        <line num="21" count="1" type="stmt"/>
      </file>
    </package>
    <package name="globalStyles">
      <metrics statements="1" coveredstatements="1" conditionals="0" coveredconditionals="0" methods="0" coveredmethods="0"/>
      <file name="theme.ts" path="C:\Users\usuario\Desktop\eviraAPP\src\globalStyles\theme.ts">
        <metrics statements="1" coveredstatements="1" conditionals="0" coveredconditionals="0" methods="0" coveredmethods="0"/>
        <line num="3" count="1" type="stmt"/>
      </file>
    </package>
  </project>
</coverage>
