{"C:\\Users\\usuario\\Desktop\\eviraAPP\\src\\components\\Button\\Button.styles.tsx": {"path":"C:\\Users\\usuario\\Desktop\\eviraAPP\\src\\components\\Button\\Button.styles.tsx","statementMap":{"0":{"start":{"line":7,"column":34},"end":{"line":10,"column":5}},"1":{"start":{"line":7,"column":92},"end":{"line":10,"column":5}},"2":{"start":{"line":12,"column":31},"end":{"line":26,"column":1}},"3":{"start":{"line":13,"column":38},"end":{"line":25,"column":5}}},"fnMap":{"0":{"name":"(anonymous_0)","decl":{"start":{"line":7,"column":34},"end":{"line":7,"column":35}},"loc":{"start":{"line":7,"column":92},"end":{"line":10,"column":5}},"line":7},"1":{"name":"(anonymous_1)","decl":{"start":{"line":13,"column":6},"end":{"line":13,"column":7}},"loc":{"start":{"line":13,"column":38},"end":{"line":25,"column":5}},"line":13}},"branchMap":{"0":{"loc":{"start":{"line":8,"column":24},"end":{"line":8,"column":65}},"type":"binary-expr","locations":[{"start":{"line":8,"column":24},"end":{"line":8,"column":43}},{"start":{"line":8,"column":47},"end":{"line":8,"column":65}}],"line":8},"1":{"loc":{"start":{"line":14,"column":24},"end":{"line":14,"column":53}},"type":"binary-expr","locations":[{"start":{"line":14,"column":24},"end":{"line":14,"column":31}},{"start":{"line":14,"column":35},"end":{"line":14,"column":53}}],"line":14},"2":{"loc":{"start":{"line":15,"column":10},"end":{"line":15,"column":66}},"type":"binary-expr","locations":[{"start":{"line":15,"column":10},"end":{"line":15,"column":16}},{"start":{"line":15,"column":20},"end":{"line":15,"column":66}}],"line":15},"3":{"loc":{"start":{"line":16,"column":25},"end":{"line":16,"column":41}},"type":"cond-expr","locations":[{"start":{"line":16,"column":34},"end":{"line":16,"column":36}},{"start":{"line":16,"column":39},"end":{"line":16,"column":41}}],"line":16},"4":{"loc":{"start":{"line":17,"column":17},"end":{"line":17,"column":41}},"type":"cond-expr","locations":[{"start":{"line":17,"column":26},"end":{"line":17,"column":32}},{"start":{"line":17,"column":35},"end":{"line":17,"column":41}}],"line":17}},"s":{"0":1,"1":1,"2":1,"3":4},"f":{"0":1,"1":4},"b":{"0":[1,0],"1":[4,3],"2":[4,1],"3":[1,3],"4":[1,3]},"_coverageSchema":"1a1c01bbd47fc00a2c39e90264f33305004495a9","hash":"50c2607bc17cc8da29c008b418099c8df9318d29"}
,"C:\\Users\\usuario\\Desktop\\eviraAPP\\src\\components\\Button\\index.tsx": {"path":"C:\\Users\\usuario\\Desktop\\eviraAPP\\src\\components\\Button\\index.tsx","statementMap":{"0":{"start":{"line":17,"column":39},"end":{"line":24,"column":1}},"1":{"start":{"line":18,"column":4},"end":{"line":23,"column":5}}},"fnMap":{"0":{"name":"(anonymous_0)","decl":{"start":{"line":17,"column":39},"end":{"line":17,"column":40}},"loc":{"start":{"line":17,"column":119},"end":{"line":24,"column":1}},"line":17}},"branchMap":{"0":{"loc":{"start":{"line":17,"column":51},"end":{"line":17,"column":62}},"type":"default-arg","locations":[{"start":{"line":17,"column":58},"end":{"line":17,"column":62}}],"line":17},"1":{"loc":{"start":{"line":17,"column":64},"end":{"line":17,"column":75}},"type":"default-arg","locations":[{"start":{"line":17,"column":71},"end":{"line":17,"column":75}}],"line":17},"2":{"loc":{"start":{"line":20,"column":13},"end":{"line":20,"column":25}},"type":"binary-expr","locations":[{"start":{"line":20,"column":13},"end":{"line":20,"column":17}},{"start":{"line":20,"column":21},"end":{"line":20,"column":25}}],"line":20},"3":{"loc":{"start":{"line":21,"column":13},"end":{"line":21,"column":83}},"type":"binary-expr","locations":[{"start":{"line":21,"column":13},"end":{"line":21,"column":17}},{"start":{"line":21,"column":21},"end":{"line":21,"column":28}},{"start":{"line":21,"column":32},"end":{"line":21,"column":83}}],"line":21}},"s":{"0":1,"1":4},"f":{"0":4},"b":{"0":[2],"1":[4],"2":[4,0],"3":[4,2,1]},"_coverageSchema":"1a1c01bbd47fc00a2c39e90264f33305004495a9","hash":"0bba394457b49b9d740274ae9d40969d3edc4a6a"}
,"C:\\Users\\usuario\\Desktop\\eviraAPP\\src\\components\\Text\\Text.styles.tsx": {"path":"C:\\Users\\usuario\\Desktop\\eviraAPP\\src\\components\\Text\\Text.styles.tsx","statementMap":{"0":{"start":{"line":6,"column":22},"end":{"line":10,"column":1}},"1":{"start":{"line":12,"column":24},"end":{"line":27,"column":1}},"2":{"start":{"line":13,"column":31},"end":{"line":19,"column":3}},"3":{"start":{"line":14,"column":36},"end":{"line":14,"column":71}},"4":{"start":{"line":17,"column":32},"end":{"line":17,"column":86}},"5":{"start":{"line":18,"column":38},"end":{"line":18,"column":101}},"6":{"start":{"line":20,"column":28},"end":{"line":20,"column":33}},"7":{"start":{"line":21,"column":30},"end":{"line":26,"column":5}},"8":{"start":{"line":22,"column":36},"end":{"line":22,"column":68}},"9":{"start":{"line":24,"column":32},"end":{"line":24,"column":86}},"10":{"start":{"line":25,"column":38},"end":{"line":25,"column":100}},"11":{"start":{"line":29,"column":26},"end":{"line":34,"column":1}},"12":{"start":{"line":30,"column":32},"end":{"line":33,"column":3}}},"fnMap":{"0":{"name":"(anonymous_0)","decl":{"start":{"line":13,"column":11},"end":{"line":13,"column":12}},"loc":{"start":{"line":13,"column":31},"end":{"line":19,"column":3}},"line":13},"1":{"name":"(anonymous_1)","decl":{"start":{"line":14,"column":21},"end":{"line":14,"column":22}},"loc":{"start":{"line":14,"column":36},"end":{"line":14,"column":71}},"line":14},"2":{"name":"(anonymous_2)","decl":{"start":{"line":17,"column":17},"end":{"line":17,"column":18}},"loc":{"start":{"line":17,"column":32},"end":{"line":17,"column":86}},"line":17},"3":{"name":"(anonymous_3)","decl":{"start":{"line":18,"column":23},"end":{"line":18,"column":24}},"loc":{"start":{"line":18,"column":38},"end":{"line":18,"column":101}},"line":18},"4":{"name":"(anonymous_4)","decl":{"start":{"line":20,"column":8},"end":{"line":20,"column":9}},"loc":{"start":{"line":20,"column":28},"end":{"line":20,"column":33}},"line":20},"5":{"name":"(anonymous_5)","decl":{"start":{"line":21,"column":10},"end":{"line":21,"column":11}},"loc":{"start":{"line":21,"column":30},"end":{"line":26,"column":5}},"line":21},"6":{"name":"(anonymous_6)","decl":{"start":{"line":22,"column":21},"end":{"line":22,"column":22}},"loc":{"start":{"line":22,"column":36},"end":{"line":22,"column":68}},"line":22},"7":{"name":"(anonymous_7)","decl":{"start":{"line":24,"column":17},"end":{"line":24,"column":18}},"loc":{"start":{"line":24,"column":32},"end":{"line":24,"column":86}},"line":24},"8":{"name":"(anonymous_8)","decl":{"start":{"line":25,"column":23},"end":{"line":25,"column":24}},"loc":{"start":{"line":25,"column":38},"end":{"line":25,"column":100}},"line":25},"9":{"name":"(anonymous_9)","decl":{"start":{"line":30,"column":4},"end":{"line":30,"column":5}},"loc":{"start":{"line":30,"column":32},"end":{"line":33,"column":3}},"line":30}},"branchMap":{"0":{"loc":{"start":{"line":7,"column":9},"end":{"line":7,"column":37}},"type":"binary-expr","locations":[{"start":{"line":7,"column":9},"end":{"line":7,"column":27}},{"start":{"line":7,"column":31},"end":{"line":7,"column":37}}],"line":7},"1":{"loc":{"start":{"line":8,"column":9},"end":{"line":8,"column":37}},"type":"binary-expr","locations":[{"start":{"line":8,"column":9},"end":{"line":8,"column":27}},{"start":{"line":8,"column":31},"end":{"line":8,"column":37}}],"line":8},"2":{"loc":{"start":{"line":9,"column":12},"end":{"line":9,"column":48}},"type":"binary-expr","locations":[{"start":{"line":9,"column":12},"end":{"line":9,"column":38}},{"start":{"line":9,"column":42},"end":{"line":9,"column":48}}],"line":9},"3":{"loc":{"start":{"line":14,"column":36},"end":{"line":14,"column":71}},"type":"binary-expr","locations":[{"start":{"line":14,"column":36},"end":{"line":14,"column":65}},{"start":{"line":14,"column":69},"end":{"line":14,"column":71}}],"line":14},"4":{"loc":{"start":{"line":17,"column":32},"end":{"line":17,"column":86}},"type":"binary-expr","locations":[{"start":{"line":17,"column":32},"end":{"line":17,"column":52}},{"start":{"line":17,"column":56},"end":{"line":17,"column":76}},{"start":{"line":17,"column":80},"end":{"line":17,"column":86}}],"line":17},"5":{"loc":{"start":{"line":18,"column":38},"end":{"line":18,"column":101}},"type":"binary-expr","locations":[{"start":{"line":18,"column":38},"end":{"line":18,"column":79}},{"start":{"line":18,"column":83},"end":{"line":18,"column":101}}],"line":18},"6":{"loc":{"start":{"line":22,"column":36},"end":{"line":22,"column":68}},"type":"binary-expr","locations":[{"start":{"line":22,"column":36},"end":{"line":22,"column":62}},{"start":{"line":22,"column":66},"end":{"line":22,"column":68}}],"line":22},"7":{"loc":{"start":{"line":24,"column":32},"end":{"line":24,"column":86}},"type":"binary-expr","locations":[{"start":{"line":24,"column":32},"end":{"line":24,"column":52}},{"start":{"line":24,"column":56},"end":{"line":24,"column":76}},{"start":{"line":24,"column":80},"end":{"line":24,"column":86}}],"line":24},"8":{"loc":{"start":{"line":25,"column":38},"end":{"line":25,"column":100}},"type":"binary-expr","locations":[{"start":{"line":25,"column":38},"end":{"line":25,"column":78}},{"start":{"line":25,"column":82},"end":{"line":25,"column":100}}],"line":25},"9":{"loc":{"start":{"line":31,"column":10},"end":{"line":31,"column":62}},"type":"binary-expr","locations":[{"start":{"line":31,"column":10},"end":{"line":31,"column":14}},{"start":{"line":31,"column":18},"end":{"line":31,"column":62}}],"line":31},"10":{"loc":{"start":{"line":31,"column":27},"end":{"line":31,"column":43}},"type":"binary-expr","locations":[{"start":{"line":31,"column":27},"end":{"line":31,"column":31}},{"start":{"line":31,"column":35},"end":{"line":31,"column":43}}],"line":31},"11":{"loc":{"start":{"line":31,"column":45},"end":{"line":31,"column":61}},"type":"binary-expr","locations":[{"start":{"line":31,"column":45},"end":{"line":31,"column":50}},{"start":{"line":31,"column":54},"end":{"line":31,"column":61}}],"line":31}},"s":{"0":1,"1":1,"2":0,"3":0,"4":0,"5":0,"6":0,"7":1,"8":1,"9":1,"10":1,"11":1,"12":1},"f":{"0":0,"1":0,"2":0,"3":0,"4":0,"5":1,"6":1,"7":1,"8":1,"9":1},"b":{"0":[1,0],"1":[1,0],"2":[1,0],"3":[0,0],"4":[0,0,0],"5":[0,0],"6":[1,0],"7":[1,0,0],"8":[1,0],"9":[1,1],"10":[1,0],"11":[1,1]},"_coverageSchema":"1a1c01bbd47fc00a2c39e90264f33305004495a9","hash":"1e0362825853c20da607bf6afd9d155483f49032"}
,"C:\\Users\\usuario\\Desktop\\eviraAPP\\src\\components\\Text\\index.tsx": {"path":"C:\\Users\\usuario\\Desktop\\eviraAPP\\src\\components\\Text\\index.tsx","statementMap":{"0":{"start":{"line":20,"column":35},"end":{"line":22,"column":1}},"1":{"start":{"line":21,"column":4},"end":{"line":21,"column":83}}},"fnMap":{"0":{"name":"(anonymous_0)","decl":{"start":{"line":20,"column":35},"end":{"line":20,"column":36}},"loc":{"start":{"line":20,"column":97},"end":{"line":22,"column":1}},"line":20}},"branchMap":{"0":{"loc":{"start":{"line":20,"column":48},"end":{"line":20,"column":63}},"type":"default-arg","locations":[{"start":{"line":20,"column":55},"end":{"line":20,"column":63}}],"line":20},"1":{"loc":{"start":{"line":20,"column":65},"end":{"line":20,"column":81}},"type":"default-arg","locations":[{"start":{"line":20,"column":73},"end":{"line":20,"column":81}}],"line":20}},"s":{"0":1,"1":1},"f":{"0":1},"b":{"0":[0],"1":[1]},"_coverageSchema":"1a1c01bbd47fc00a2c39e90264f33305004495a9","hash":"0e7a9c7a277f571da17b7227795e6a0bda67009b"}
,"C:\\Users\\usuario\\Desktop\\eviraAPP\\src\\globalStyles\\theme.ts": {"path":"C:\\Users\\usuario\\Desktop\\eviraAPP\\src\\globalStyles\\theme.ts","statementMap":{"0":{"start":{"line":3,"column":25},"end":{"line":3,"column":49}}},"fnMap":{},"branchMap":{},"s":{"0":1},"f":{},"b":{},"_coverageSchema":"1a1c01bbd47fc00a2c39e90264f33305004495a9","hash":"2dc3a6a2a612274b61c5a014144b63be2ad8f4be"}
}
