TN:
SF:src\components\Button\Button.styles.tsx
FN:7,(anonymous_0)
FN:13,(anonymous_1)
FNF:2
FNH:2
FNDA:1,(anonymous_0)
FNDA:4,(anonymous_1)
DA:7,1
DA:12,1
DA:13,4
LF:3
LH:3
BRDA:8,0,0,1
BRDA:8,0,1,0
BRDA:14,1,0,4
BRDA:14,1,1,3
BRDA:15,2,0,4
BRDA:15,2,1,1
BRDA:16,3,0,1
BRDA:16,3,1,3
BRDA:17,4,0,1
BRDA:17,4,1,3
BRF:10
BRH:9
end_of_record
TN:
SF:src\components\Button\index.tsx
FN:17,(anonymous_0)
FNF:1
FNH:1
FNDA:4,(anonymous_0)
DA:17,1
DA:18,4
LF:2
LH:2
BRDA:17,0,0,2
BRDA:17,1,0,4
BRDA:20,2,0,4
BRDA:20,2,1,0
BRDA:21,3,0,4
BRDA:21,3,1,2
BRDA:21,3,2,1
BRF:7
BRH:6
end_of_record
TN:
SF:src\components\Text\Text.styles.tsx
FN:13,(anonymous_0)
FN:14,(anonymous_1)
FN:17,(anonymous_2)
FN:18,(anonymous_3)
FN:20,(anonymous_4)
FN:21,(anonymous_5)
FN:22,(anonymous_6)
FN:24,(anonymous_7)
FN:25,(anonymous_8)
FN:30,(anonymous_9)
FNF:10
FNH:5
FNDA:0,(anonymous_0)
FNDA:0,(anonymous_1)
FNDA:0,(anonymous_2)
FNDA:0,(anonymous_3)
FNDA:0,(anonymous_4)
FNDA:1,(anonymous_5)
FNDA:1,(anonymous_6)
FNDA:1,(anonymous_7)
FNDA:1,(anonymous_8)
FNDA:1,(anonymous_9)
DA:6,1
DA:12,1
DA:13,0
DA:14,0
DA:17,0
DA:18,0
DA:20,0
DA:21,1
DA:22,1
DA:24,1
DA:25,1
DA:29,1
DA:30,1
LF:13
LH:8
BRDA:7,0,0,1
BRDA:7,0,1,0
BRDA:8,1,0,1
BRDA:8,1,1,0
BRDA:9,2,0,1
BRDA:9,2,1,0
BRDA:14,3,0,0
BRDA:14,3,1,0
BRDA:17,4,0,0
BRDA:17,4,1,0
BRDA:17,4,2,0
BRDA:18,5,0,0
BRDA:18,5,1,0
BRDA:22,6,0,1
BRDA:22,6,1,0
BRDA:24,7,0,1
BRDA:24,7,1,0
BRDA:24,7,2,0
BRDA:25,8,0,1
BRDA:25,8,1,0
BRDA:31,9,0,1
BRDA:31,9,1,1
BRDA:31,10,0,1
BRDA:31,10,1,0
BRDA:31,11,0,1
BRDA:31,11,1,1
BRF:26
BRH:11
end_of_record
TN:
SF:src\components\Text\index.tsx
FN:20,(anonymous_0)
FNF:1
FNH:1
FNDA:1,(anonymous_0)
DA:20,1
DA:21,1
LF:2
LH:2
BRDA:20,0,0,0
BRDA:20,1,0,1
BRF:2
BRH:1
end_of_record
TN:
SF:src\globalStyles\theme.ts
FNF:0
FNH:0
DA:3,1
LF:1
LH:1
BRF:0
BRH:0
end_of_record
